  glad.c
  imgui.cpp
  imgui_demo.cpp
  imgui_draw.cpp
  imgui_impl_glfw.cpp
  imgui_impl_opengl3.cpp
  imgui_tables.cpp
  imgui_widgets.cpp
  stb_image.cpp
  Source.cpp
C:\Users\FRANKLIN\Documents\My Programs\C++\VISUAL_STUDIOS\OPENGL_TEST\include\StringTools.h(14,42): warning C4267: 'initializing': conversion from 'size_t' to 'int', possible loss of data
C:\Users\FRANKLIN\Documents\My Programs\C++\VISUAL_STUDIOS\OPENGL_TEST\include\StringTools.h(29,35): warning C4267: 'initializing': conversion from 'size_t' to 'int', possible loss of data
C:\Users\FRANKLIN\Documents\My Programs\C++\VISUAL_STUDIOS\OPENGL_TEST\include\Texture.h(88,61): warning C4267: 'initializing': conversion from 'size_t' to 'int', possible loss of data
C:\Users\FRANKLIN\Documents\My Programs\C++\VISUAL_STUDIOS\OPENGL_TEST\include\Mesh.h(51,13): warning C4099: 'Mesh': type name first seen using 'class' now seen using 'struct'
C:\Users\FRANKLIN\Documents\My Programs\C++\VISUAL_STUDIOS\OPENGL_TEST\include\Mesh.h(51): message : see declaration of 'Mesh'
C:\Users\FRANKLIN\Documents\My Programs\C++\VISUAL_STUDIOS\OPENGL_TEST\include\Mesh.h(108,1): warning C4267: 'argument': conversion from 'size_t' to 'GLsizei', possible loss of data
C:\Users\FRANKLIN\Documents\My Programs\C++\VISUAL_STUDIOS\OPENGL_TEST\include\Model.h(144,22): warning C4018: '<': signed/unsigned mismatch
C:\Users\FRANKLIN\Documents\My Programs\C++\VISUAL_STUDIOS\OPENGL_TEST\include\Model.h(170,22): warning C4018: '<': signed/unsigned mismatch
C:\Users\FRANKLIN\Documents\My Programs\C++\VISUAL_STUDIOS\OPENGL_TEST\include\Model.h(387,21): warning C4018: '<': signed/unsigned mismatch
C:\Users\FRANKLIN\Documents\My Programs\C++\VISUAL_STUDIOS\OPENGL_TEST\include\Model.h(413,21): warning C4018: '<': signed/unsigned mismatch
C:\Users\FRANKLIN\Documents\My Programs\C++\VISUAL_STUDIOS\OPENGL_TEST\include\Model.h(462,1): warning C4267: '=': conversion from 'size_t' to 'int', possible loss of data
C:\Users\FRANKLIN\Documents\My Programs\C++\VISUAL_STUDIOS\OPENGL_TEST\include\Model.h(470,1): warning C4267: '=': conversion from 'size_t' to 'int', possible loss of data
C:\Users\FRANKLIN\Documents\My Programs\C++\VISUAL_STUDIOS\OPENGL_TEST\include\Model.h(459,76): warning C4390: ';': empty controlled statement found; is this the intent?
C:\Users\FRANKLIN\Documents\My Programs\C++\VISUAL_STUDIOS\OPENGL_TEST\include\Model.h(599,1): warning C4267: '=': conversion from 'size_t' to 'int', possible loss of data
C:\Users\FRANKLIN\Documents\My Programs\C++\VISUAL_STUDIOS\OPENGL_TEST\include\Model.h(606,42): warning C4244: '=': conversion from 'int' to 'float', possible loss of data
C:\Users\FRANKLIN\Documents\My Programs\C++\VISUAL_STUDIOS\OPENGL_TEST\include\Model.h(617,1): warning C4267: '=': conversion from 'size_t' to '_Ty', possible loss of data
          with
          [
              _Ty=int
          ]
C:\Users\FRANKLIN\Documents\My Programs\C++\VISUAL_STUDIOS\OPENGL_TEST\include\Model.h(625,77): warning C4244: '=': conversion from '_Ty' to 'float', possible loss of data
          with
          [
              _Ty=int
          ]
C:\Users\FRANKLIN\Documents\My Programs\C++\VISUAL_STUDIOS\OPENGL_TEST\include\Model.h(626,78): warning C4244: '=': conversion from '_Ty' to 'float', possible loss of data
          with
          [
              _Ty=int
          ]
C:\Users\FRANKLIN\Documents\My Programs\C++\VISUAL_STUDIOS\OPENGL_TEST\include\Model.h(630,77): warning C4244: '=': conversion from '_Ty' to 'float', possible loss of data
          with
          [
              _Ty=int
          ]
C:\Users\FRANKLIN\Documents\My Programs\C++\VISUAL_STUDIOS\OPENGL_TEST\include\Model.h(648,1): warning C4267: '=': conversion from 'size_t' to 'unsigned int', possible loss of data
C:\Users\FRANKLIN\Documents\My Programs\C++\VISUAL_STUDIOS\OPENGL_TEST\include\Model.h(689,33): warning C4018: '<': signed/unsigned mismatch
C:\Users\FRANKLIN\Documents\My Programs\C++\VISUAL_STUDIOS\OPENGL_TEST\include\Model.h(691,43): warning C4267: '+=': conversion from 'size_t' to 'unsigned int', possible loss of data
C:\Users\FRANKLIN\Documents\My Programs\C++\VISUAL_STUDIOS\OPENGL_TEST\include\Model.h(692,41): warning C4267: '+=': conversion from 'size_t' to 'unsigned int', possible loss of data
C:\Users\FRANKLIN\Documents\My Programs\C++\VISUAL_STUDIOS\OPENGL_TEST\include\Model.h(706,33): warning C4018: '<': signed/unsigned mismatch
C:\Users\FRANKLIN\Documents\My Programs\C++\VISUAL_STUDIOS\OPENGL_TEST\include\Model.h(713,43): warning C4267: '+=': conversion from 'size_t' to 'unsigned int', possible loss of data
C:\Users\FRANKLIN\Documents\My Programs\C++\VISUAL_STUDIOS\OPENGL_TEST\include\Model.h(714,41): warning C4267: '+=': conversion from 'size_t' to 'unsigned int', possible loss of data
C:\Users\FRANKLIN\Documents\My Programs\C++\VISUAL_STUDIOS\OPENGL_TEST\include\Material.h(40,1): warning C4305: '=': truncation from 'double' to 'float'
C:\Users\FRANKLIN\Documents\My Programs\C++\VISUAL_STUDIOS\OPENGL_TEST\include\Material.h(51,1): warning C4305: '=': truncation from 'double' to 'float'
C:\Users\FRANKLIN\Documents\My Programs\C++\VISUAL_STUDIOS\OPENGL_TEST\include\Material.h(62,1): warning C4305: '=': truncation from 'double' to 'float'
C:\Users\FRANKLIN\Documents\My Programs\C++\VISUAL_STUDIOS\OPENGL_TEST\include\Material.h(73,1): warning C4305: '=': truncation from 'double' to 'float'
C:\Users\FRANKLIN\Documents\My Programs\C++\VISUAL_STUDIOS\OPENGL_TEST\include\Material.h(84,1): warning C4305: '=': truncation from 'double' to 'float'
C:\Users\FRANKLIN\Documents\My Programs\C++\VISUAL_STUDIOS\OPENGL_TEST\include\Material.h(95,1): warning C4305: '=': truncation from 'double' to 'float'
C:\Users\FRANKLIN\Documents\My Programs\C++\VISUAL_STUDIOS\OPENGL_TEST\include\Material.h(106,1): warning C4305: '=': truncation from 'double' to 'float'
C:\Users\FRANKLIN\Documents\My Programs\C++\VISUAL_STUDIOS\OPENGL_TEST\include\Material.h(117,1): warning C4305: '=': truncation from 'double' to 'float'
C:\Users\FRANKLIN\Documents\My Programs\C++\VISUAL_STUDIOS\OPENGL_TEST\include\Material.h(130,1): warning C4305: '=': truncation from 'double' to 'float'
C:\Users\FRANKLIN\Documents\My Programs\C++\VISUAL_STUDIOS\OPENGL_TEST\include\Material.h(141,1): warning C4305: '=': truncation from 'double' to 'float'
C:\Users\FRANKLIN\Documents\My Programs\C++\VISUAL_STUDIOS\OPENGL_TEST\include\Material.h(152,1): warning C4305: '=': truncation from 'double' to 'float'
C:\Users\FRANKLIN\Documents\My Programs\C++\VISUAL_STUDIOS\OPENGL_TEST\Source.cpp(277,30): warning C4244: 'initializing': conversion from 'double' to 'GLfloat', possible loss of data
C:\Users\FRANKLIN\Documents\My Programs\C++\VISUAL_STUDIOS\OPENGL_TEST\Source.cpp(378,24): warning C4244: 'argument': conversion from 'double' to 'GLfloat', possible loss of data
C:\Users\FRANKLIN\Documents\My Programs\C++\VISUAL_STUDIOS\OPENGL_TEST\Source.cpp(388,21): warning C4244: '=': conversion from 'double' to 'GLfloat', possible loss of data
C:\Users\FRANKLIN\Documents\My Programs\C++\VISUAL_STUDIOS\OPENGL_TEST\Source.cpp(389,21): warning C4244: '=': conversion from 'double' to 'GLfloat', possible loss of data
C:\Users\FRANKLIN\Documents\My Programs\C++\VISUAL_STUDIOS\OPENGL_TEST\Source.cpp(392,25): warning C4244: 'initializing': conversion from 'double' to 'GLfloat', possible loss of data
C:\Users\FRANKLIN\Documents\My Programs\C++\VISUAL_STUDIOS\OPENGL_TEST\Source.cpp(393,25): warning C4244: 'initializing': conversion from 'double' to 'GLfloat', possible loss of data
  Generating code
  Previous IPDB not found, fall back to full compilation.
  All 3449 functions were compiled because no usable IPDB/IOBJ from previous compilation was found.
  Finished generating code
  OPENGL_TUTORIAL.vcxproj -> C:\Users\FRANKLIN\Documents\My Programs\C++\VISUAL_STUDIOS\OPENGL_TEST\x64\Release\OPENGL_TUTORIAL.exe
