c:\users\franklin\documents\my programs\c++\visual_studios\opengl_tutorial\debug\vc143.pdb
c:\users\franklin\documents\my programs\c++\visual_studios\opengl_tutorial\debug\vc143.idb
c:\users\franklin\documents\my programs\c++\visual_studios\opengl_tutorial\debug\glad.obj
c:\users\franklin\documents\my programs\c++\visual_studios\opengl_tutorial\debug\stb_image.obj
c:\users\franklin\documents\my programs\c++\visual_studios\opengl_tutorial\debug\source.obj
c:\users\franklin\documents\my programs\c++\visual_studios\opengl_tutorial\debug\opengl_tutorial.exe
c:\users\franklin\documents\my programs\c++\visual_studios\opengl_tutorial\debug\opengl_tutorial.ilk
c:\users\franklin\documents\my programs\c++\visual_studios\opengl_tutorial\debug\opengl_tutorial.pdb
c:\users\franklin\documents\my programs\c++\visual_studios\opengl_test\debug\glad.obj
c:\users\franklin\documents\my programs\c++\visual_studios\opengl_test\debug\source.obj
c:\users\franklin\documents\my programs\c++\visual_studios\opengl_test\debug\stb_image.obj
c:\users\franklin\documents\my programs\c++\visual_studios\opengl_test\debug\opengl_tutorial.ilk
c:\users\franklin\documents\my programs\c++\visual_studios\opengl_test\debug\vc143.idb
c:\users\franklin\documents\my programs\c++\visual_studios\opengl_test\debug\opengl_tutorial.pdb
c:\users\franklin\documents\my programs\c++\visual_studios\opengl_test\debug\vc143.pdb
c:\users\franklin\documents\my programs\c++\visual_studios\opengl_test\debug\opengl_tutorial.exe
c:\users\franklin\documents\my programs\c++\visual_studios\opengl_test\debug\opengl_tutorial.tlog\cl.command.1.tlog
c:\users\franklin\documents\my programs\c++\visual_studios\opengl_test\debug\opengl_tutorial.tlog\cl.read.1.tlog
c:\users\franklin\documents\my programs\c++\visual_studios\opengl_test\debug\opengl_tutorial.tlog\cl.write.1.tlog
c:\users\franklin\documents\my programs\c++\visual_studios\opengl_test\debug\opengl_tutorial.tlog\link.command.1.tlog
c:\users\franklin\documents\my programs\c++\visual_studios\opengl_test\debug\opengl_tutorial.tlog\link.read.1.tlog
c:\users\franklin\documents\my programs\c++\visual_studios\opengl_test\debug\opengl_tutorial.tlog\link.write.1.tlog
