  Source.cpp
C:\Users\FRANKLIN\Documents\My Programs\C++\VISUAL_STUDIOS\OPENGL_TEST\include\Material.h(38,1): warning C4305: '=': truncation from 'double' to 'float'
C:\Users\FRANKLIN\Documents\My Programs\C++\VISUAL_STUDIOS\OPENGL_TEST\include\Material.h(49,1): warning C4305: '=': truncation from 'double' to 'float'
C:\Users\FRANKLIN\Documents\My Programs\C++\VISUAL_STUDIOS\OPENGL_TEST\include\Material.h(60,1): warning C4305: '=': truncation from 'double' to 'float'
C:\Users\FRANKLIN\Documents\My Programs\C++\VISUAL_STUDIOS\OPENGL_TEST\include\Material.h(71,1): warning C4305: '=': truncation from 'double' to 'float'
C:\Users\FRANKLIN\Documents\My Programs\C++\VISUAL_STUDIOS\OPENGL_TEST\include\Material.h(82,1): warning C4305: '=': truncation from 'double' to 'float'
C:\Users\FRANKLIN\Documents\My Programs\C++\VISUAL_STUDIOS\OPENGL_TEST\include\Material.h(93,1): warning C4305: '=': truncation from 'double' to 'float'
C:\Users\FRANKLIN\Documents\My Programs\C++\VISUAL_STUDIOS\OPENGL_TEST\include\Material.h(104,1): warning C4305: '=': truncation from 'double' to 'float'
C:\Users\FRANKLIN\Documents\My Programs\C++\VISUAL_STUDIOS\OPENGL_TEST\include\Material.h(115,1): warning C4305: '=': truncation from 'double' to 'float'
C:\Users\FRANKLIN\Documents\My Programs\C++\VISUAL_STUDIOS\OPENGL_TEST\include\Material.h(128,1): warning C4305: '=': truncation from 'double' to 'float'
C:\Users\FRANKLIN\Documents\My Programs\C++\VISUAL_STUDIOS\OPENGL_TEST\include\Material.h(139,1): warning C4305: '=': truncation from 'double' to 'float'
C:\Users\FRANKLIN\Documents\My Programs\C++\VISUAL_STUDIOS\OPENGL_TEST\include\Material.h(150,1): warning C4305: '=': truncation from 'double' to 'float'
C:\Users\FRANKLIN\Documents\My Programs\C++\VISUAL_STUDIOS\OPENGL_TEST\Source.cpp(78,21): warning C4244: '=': conversion from 'double' to 'GLfloat', possible loss of data
C:\Users\FRANKLIN\Documents\My Programs\C++\VISUAL_STUDIOS\OPENGL_TEST\Source.cpp(79,21): warning C4244: '=': conversion from 'double' to 'GLfloat', possible loss of data
C:\Users\FRANKLIN\Documents\My Programs\C++\VISUAL_STUDIOS\OPENGL_TEST\Source.cpp(82,25): warning C4244: 'initializing': conversion from 'double' to 'GLfloat', possible loss of data
C:\Users\FRANKLIN\Documents\My Programs\C++\VISUAL_STUDIOS\OPENGL_TEST\Source.cpp(83,25): warning C4244: 'initializing': conversion from 'double' to 'GLfloat', possible loss of data
C:\Users\FRANKLIN\Documents\My Programs\C++\VISUAL_STUDIOS\OPENGL_TEST\Source.cpp(258,69): warning C4305: 'argument': truncation from 'double' to 'float'
C:\Users\FRANKLIN\Documents\My Programs\C++\VISUAL_STUDIOS\OPENGL_TEST\Source.cpp(276,30): warning C4244: 'initializing': conversion from 'double' to 'GLfloat', possible loss of data
LINK : warning LNK4098: defaultlib 'MSVCRT' conflicts with use of other libs; use /NODEFAULTLIB:library
  OPENGL_TUTORIAL.vcxproj -> C:\Users\FRANKLIN\Documents\My Programs\C++\VISUAL_STUDIOS\OPENGL_TEST\Debug\OPENGL_TUTORIAL.exe
