c:\users\franklin\documents\my programs\c++\visual_studios\opengl_test\x64\debug\vc143.pdb
c:\users\franklin\documents\my programs\c++\visual_studios\opengl_test\x64\debug\vc143.idb
c:\users\franklin\documents\my programs\c++\visual_studios\opengl_test\x64\debug\glad.obj
c:\users\franklin\documents\my programs\c++\visual_studios\opengl_test\x64\debug\stb_image.obj
c:\users\franklin\documents\my programs\c++\visual_studios\opengl_test\x64\debug\source.obj
c:\users\franklin\documents\my programs\c++\visual_studios\opengl_test\x64\debug\opengl_tutorial.lib
c:\users\franklin\documents\my programs\c++\visual_studios\opengl_test\x64\debug\opengl_tutorial.exp
c:\users\franklin\documents\my programs\c++\visual_studios\opengl_test\x64\debug\assimp-vc143-mt.pdb
c:\users\franklin\documents\my programs\c++\visual_studios\opengl_test\x64\debug\opengl_tutorial.pdb
c:\users\franklin\documents\my programs\c++\visual_studios\opengl_test\x64\debug\opengl_tutorial.tlog\cl.command.1.tlog
c:\users\franklin\documents\my programs\c++\visual_studios\opengl_test\x64\debug\opengl_tutorial.tlog\cl.read.1.tlog
c:\users\franklin\documents\my programs\c++\visual_studios\opengl_test\x64\debug\opengl_tutorial.tlog\cl.write.1.tlog
c:\users\franklin\documents\my programs\c++\visual_studios\opengl_test\x64\debug\opengl_tutorial.tlog\link.572-cvtres.read.1.tlog
c:\users\franklin\documents\my programs\c++\visual_studios\opengl_test\x64\debug\opengl_tutorial.tlog\link.572-cvtres.write.1.tlog
c:\users\franklin\documents\my programs\c++\visual_studios\opengl_test\x64\debug\opengl_tutorial.tlog\link.572-rc.read.1.tlog
c:\users\franklin\documents\my programs\c++\visual_studios\opengl_test\x64\debug\opengl_tutorial.tlog\link.572-rc.write.1.tlog
c:\users\franklin\documents\my programs\c++\visual_studios\opengl_test\x64\debug\opengl_tutorial.tlog\link.572.read.1.tlog
c:\users\franklin\documents\my programs\c++\visual_studios\opengl_test\x64\debug\opengl_tutorial.tlog\link.572.read.2.tlog
c:\users\franklin\documents\my programs\c++\visual_studios\opengl_test\x64\debug\opengl_tutorial.tlog\link.572.write.1.tlog
c:\users\franklin\documents\my programs\c++\visual_studios\opengl_test\x64\debug\opengl_tutorial.tlog\link.command.1.tlog
c:\users\franklin\documents\my programs\c++\visual_studios\opengl_test\x64\debug\opengl_tutorial.tlog\link.read.1.tlog
c:\users\franklin\documents\my programs\c++\visual_studios\opengl_test\x64\debug\opengl_tutorial.tlog\link.write.1.tlog
c:\users\franklin\documents\my programs\c++\visual_studios\opengl_test\x64\debug\opengl_tutorial.tlog\opengl_tutorial.write.1u.tlog
