  Source.cpp
C:\Users\FRANKLIN\Documents\My Programs\C++\VISUAL_STUDIOS\OPENGL_TEST\include\StringTools.h(14,42): warning C4267: 'initializing': conversion from 'size_t' to 'int', possible loss of data
C:\Users\FRANKLIN\Documents\My Programs\C++\VISUAL_STUDIOS\OPENGL_TEST\include\StringTools.h(29,35): warning C4267: 'initializing': conversion from 'size_t' to 'int', possible loss of data
C:\Users\FRANKLIN\Documents\My Programs\C++\VISUAL_STUDIOS\OPENGL_TEST\include\Texture.h(88,61): warning C4267: 'initializing': conversion from 'size_t' to 'int', possible loss of data
C:\Users\FRANKLIN\Documents\My Programs\C++\VISUAL_STUDIOS\OPENGL_TEST\include\Mesh.h(51,13): warning C4099: 'Mesh': type name first seen using 'class' now seen using 'struct'
C:\Users\FRANKLIN\Documents\My Programs\C++\VISUAL_STUDIOS\OPENGL_TEST\include\Mesh.h(51): message : see declaration of 'Mesh'
C:\Users\FRANKLIN\Documents\My Programs\C++\VISUAL_STUDIOS\OPENGL_TEST\include\Mesh.h(108,1): warning C4267: 'argument': conversion from 'size_t' to 'GLsizei', possible loss of data
C:\Users\FRANKLIN\Documents\My Programs\C++\VISUAL_STUDIOS\OPENGL_TEST\include\Model.h(150,22): warning C4018: '<': signed/unsigned mismatch
C:\Users\FRANKLIN\Documents\My Programs\C++\VISUAL_STUDIOS\OPENGL_TEST\include\Model.h(176,22): warning C4018: '<': signed/unsigned mismatch
C:\Users\FRANKLIN\Documents\My Programs\C++\VISUAL_STUDIOS\OPENGL_TEST\include\Model.h(403,21): warning C4018: '<': signed/unsigned mismatch
C:\Users\FRANKLIN\Documents\My Programs\C++\VISUAL_STUDIOS\OPENGL_TEST\include\Model.h(421,21): warning C4018: '<': signed/unsigned mismatch
C:\Users\FRANKLIN\Documents\My Programs\C++\VISUAL_STUDIOS\OPENGL_TEST\include\Model.h(470,1): warning C4267: '=': conversion from 'size_t' to 'int', possible loss of data
C:\Users\FRANKLIN\Documents\My Programs\C++\VISUAL_STUDIOS\OPENGL_TEST\include\Model.h(478,1): warning C4267: '=': conversion from 'size_t' to 'int', possible loss of data
C:\Users\FRANKLIN\Documents\My Programs\C++\VISUAL_STUDIOS\OPENGL_TEST\include\Model.h(467,76): warning C4390: ';': empty controlled statement found; is this the intent?
C:\Users\FRANKLIN\Documents\My Programs\C++\VISUAL_STUDIOS\OPENGL_TEST\include\Model.h(605,1): warning C4267: '=': conversion from 'size_t' to 'int', possible loss of data
C:\Users\FRANKLIN\Documents\My Programs\C++\VISUAL_STUDIOS\OPENGL_TEST\include\Model.h(612,42): warning C4244: '=': conversion from 'int' to 'float', possible loss of data
C:\Users\FRANKLIN\Documents\My Programs\C++\VISUAL_STUDIOS\OPENGL_TEST\include\Model.h(622,1): warning C4267: '=': conversion from 'size_t' to '_Ty', possible loss of data
          with
          [
              _Ty=int
          ]
C:\Users\FRANKLIN\Documents\My Programs\C++\VISUAL_STUDIOS\OPENGL_TEST\include\Model.h(634,77): warning C4244: '=': conversion from '_Ty' to 'float', possible loss of data
          with
          [
              _Ty=int
          ]
C:\Users\FRANKLIN\Documents\My Programs\C++\VISUAL_STUDIOS\OPENGL_TEST\include\Model.h(635,78): warning C4244: '=': conversion from '_Ty' to 'float', possible loss of data
          with
          [
              _Ty=int
          ]
C:\Users\FRANKLIN\Documents\My Programs\C++\VISUAL_STUDIOS\OPENGL_TEST\include\Model.h(639,77): warning C4244: '=': conversion from '_Ty' to 'float', possible loss of data
          with
          [
              _Ty=int
          ]
C:\Users\FRANKLIN\Documents\My Programs\C++\VISUAL_STUDIOS\OPENGL_TEST\include\Model.h(656,1): warning C4267: '=': conversion from 'size_t' to 'unsigned int', possible loss of data
C:\Users\FRANKLIN\Documents\My Programs\C++\VISUAL_STUDIOS\OPENGL_TEST\include\Model.h(681,43): warning C4267: '+=': conversion from 'size_t' to 'int', possible loss of data
C:\Users\FRANKLIN\Documents\My Programs\C++\VISUAL_STUDIOS\OPENGL_TEST\include\Model.h(701,33): warning C4018: '<': signed/unsigned mismatch
C:\Users\FRANKLIN\Documents\My Programs\C++\VISUAL_STUDIOS\OPENGL_TEST\include\Model.h(703,43): warning C4267: '+=': conversion from 'size_t' to 'unsigned int', possible loss of data
C:\Users\FRANKLIN\Documents\My Programs\C++\VISUAL_STUDIOS\OPENGL_TEST\include\Model.h(704,41): warning C4267: '+=': conversion from 'size_t' to 'unsigned int', possible loss of data
C:\Users\FRANKLIN\Documents\My Programs\C++\VISUAL_STUDIOS\OPENGL_TEST\include\Model.h(718,33): warning C4018: '<': signed/unsigned mismatch
C:\Users\FRANKLIN\Documents\My Programs\C++\VISUAL_STUDIOS\OPENGL_TEST\include\Model.h(727,31): warning C4244: '+=': conversion from 'float' to 'GLuint', possible loss of data
C:\Users\FRANKLIN\Documents\My Programs\C++\VISUAL_STUDIOS\OPENGL_TEST\include\Model.h(729,43): warning C4267: '+=': conversion from 'size_t' to 'unsigned int', possible loss of data
C:\Users\FRANKLIN\Documents\My Programs\C++\VISUAL_STUDIOS\OPENGL_TEST\include\Model.h(730,41): warning C4267: '+=': conversion from 'size_t' to 'unsigned int', possible loss of data
C:\Users\FRANKLIN\Documents\My Programs\C++\VISUAL_STUDIOS\OPENGL_TEST\include\Material.h(40,1): warning C4305: '=': truncation from 'double' to 'float'
C:\Users\FRANKLIN\Documents\My Programs\C++\VISUAL_STUDIOS\OPENGL_TEST\include\Material.h(51,1): warning C4305: '=': truncation from 'double' to 'float'
C:\Users\FRANKLIN\Documents\My Programs\C++\VISUAL_STUDIOS\OPENGL_TEST\include\Material.h(62,1): warning C4305: '=': truncation from 'double' to 'float'
C:\Users\FRANKLIN\Documents\My Programs\C++\VISUAL_STUDIOS\OPENGL_TEST\include\Material.h(73,1): warning C4305: '=': truncation from 'double' to 'float'
C:\Users\FRANKLIN\Documents\My Programs\C++\VISUAL_STUDIOS\OPENGL_TEST\include\Material.h(84,1): warning C4305: '=': truncation from 'double' to 'float'
C:\Users\FRANKLIN\Documents\My Programs\C++\VISUAL_STUDIOS\OPENGL_TEST\include\Material.h(95,1): warning C4305: '=': truncation from 'double' to 'float'
C:\Users\FRANKLIN\Documents\My Programs\C++\VISUAL_STUDIOS\OPENGL_TEST\include\Material.h(106,1): warning C4305: '=': truncation from 'double' to 'float'
C:\Users\FRANKLIN\Documents\My Programs\C++\VISUAL_STUDIOS\OPENGL_TEST\include\Material.h(117,1): warning C4305: '=': truncation from 'double' to 'float'
C:\Users\FRANKLIN\Documents\My Programs\C++\VISUAL_STUDIOS\OPENGL_TEST\include\Material.h(130,1): warning C4305: '=': truncation from 'double' to 'float'
C:\Users\FRANKLIN\Documents\My Programs\C++\VISUAL_STUDIOS\OPENGL_TEST\include\Material.h(141,1): warning C4305: '=': truncation from 'double' to 'float'
C:\Users\FRANKLIN\Documents\My Programs\C++\VISUAL_STUDIOS\OPENGL_TEST\include\Material.h(152,1): warning C4305: '=': truncation from 'double' to 'float'
C:\Users\FRANKLIN\Documents\My Programs\C++\VISUAL_STUDIOS\OPENGL_TEST\Source.cpp(326,30): warning C4244: 'initializing': conversion from 'double' to 'GLfloat', possible loss of data
C:\Users\FRANKLIN\Documents\My Programs\C++\VISUAL_STUDIOS\OPENGL_TEST\Source.cpp(478,24): warning C4244: 'argument': conversion from 'double' to 'GLfloat', possible loss of data
C:\Users\FRANKLIN\Documents\My Programs\C++\VISUAL_STUDIOS\OPENGL_TEST\Source.cpp(488,21): warning C4244: '=': conversion from 'double' to 'GLfloat', possible loss of data
C:\Users\FRANKLIN\Documents\My Programs\C++\VISUAL_STUDIOS\OPENGL_TEST\Source.cpp(489,21): warning C4244: '=': conversion from 'double' to 'GLfloat', possible loss of data
C:\Users\FRANKLIN\Documents\My Programs\C++\VISUAL_STUDIOS\OPENGL_TEST\Source.cpp(492,25): warning C4244: 'initializing': conversion from 'double' to 'GLfloat', possible loss of data
C:\Users\FRANKLIN\Documents\My Programs\C++\VISUAL_STUDIOS\OPENGL_TEST\Source.cpp(493,25): warning C4244: 'initializing': conversion from 'double' to 'GLfloat', possible loss of data
C:\Users\FRANKLIN\Documents\My Programs\C++\VISUAL_STUDIOS\OPENGL_TEST\Source.cpp(539,55): warning C4244: 'argument': conversion from 'uint32_t' to 'float', possible loss of data
C:\Users\FRANKLIN\Documents\My Programs\C++\VISUAL_STUDIOS\OPENGL_TEST\Source.cpp(575,52): warning C4244: 'argument': conversion from 'uint32_t' to 'float', possible loss of data
C:\Users\FRANKLIN\Documents\My Programs\C++\VISUAL_STUDIOS\OPENGL_TEST\Source.cpp(576,37): warning C4244: 'argument': conversion from 'uint32_t' to 'float', possible loss of data
LINK : warning LNK4098: defaultlib 'MSVCRT' conflicts with use of other libs; use /NODEFAULTLIB:library
  OPENGL_TUTORIAL.vcxproj -> C:\Users\FRANKLIN\Documents\My Programs\C++\VISUAL_STUDIOS\OPENGL_TEST\x64\Debug\OPENGL_TUTORIAL.exe
