  Source.cpp
C:\Users\FRANKLIN\Documents\My Programs\C++\VISUAL_STUDIOS\OPENGL_TUTORIAL\include\Material.h(38,1): warning C4305: '=': truncation from 'double' to 'float'
C:\Users\FRANKLIN\Documents\My Programs\C++\VISUAL_STUDIOS\OPENGL_TUTORIAL\include\Material.h(49,1): warning C4305: '=': truncation from 'double' to 'float'
C:\Users\FRANKLIN\Documents\My Programs\C++\VISUAL_STUDIOS\OPENGL_TUTORIAL\include\Material.h(60,1): warning C4305: '=': truncation from 'double' to 'float'
C:\Users\FRANKLIN\Documents\My Programs\C++\VISUAL_STUDIOS\OPENGL_TUTORIAL\include\Material.h(71,1): warning C4305: '=': truncation from 'double' to 'float'
C:\Users\FRANKLIN\Documents\My Programs\C++\VISUAL_STUDIOS\OPENGL_TUTORIAL\include\Material.h(82,1): warning C4305: '=': truncation from 'double' to 'float'
C:\Users\FRANKLIN\Documents\My Programs\C++\VISUAL_STUDIOS\OPENGL_TUTORIAL\include\Material.h(93,1): warning C4305: '=': truncation from 'double' to 'float'
C:\Users\FRANKLIN\Documents\My Programs\C++\VISUAL_STUDIOS\OPENGL_TUTORIAL\include\Material.h(104,1): warning C4305: '=': truncation from 'double' to 'float'
C:\Users\FRANKLIN\Documents\My Programs\C++\VISUAL_STUDIOS\OPENGL_TUTORIAL\include\Material.h(115,1): warning C4305: '=': truncation from 'double' to 'float'
C:\Users\FRANKLIN\Documents\My Programs\C++\VISUAL_STUDIOS\OPENGL_TUTORIAL\include\Material.h(128,1): warning C4305: '=': truncation from 'double' to 'float'
C:\Users\FRANKLIN\Documents\My Programs\C++\VISUAL_STUDIOS\OPENGL_TUTORIAL\include\Material.h(139,1): warning C4305: '=': truncation from 'double' to 'float'
C:\Users\FRANKLIN\Documents\My Programs\C++\VISUAL_STUDIOS\OPENGL_TUTORIAL\include\Material.h(150,1): warning C4305: '=': truncation from 'double' to 'float'
C:\Users\FRANKLIN\Documents\My Programs\C++\VISUAL_STUDIOS\OPENGL_TUTORIAL\Source.cpp(70,21): warning C4244: '=': conversion from 'double' to 'GLfloat', possible loss of data
C:\Users\FRANKLIN\Documents\My Programs\C++\VISUAL_STUDIOS\OPENGL_TUTORIAL\Source.cpp(71,21): warning C4244: '=': conversion from 'double' to 'GLfloat', possible loss of data
C:\Users\FRANKLIN\Documents\My Programs\C++\VISUAL_STUDIOS\OPENGL_TUTORIAL\Source.cpp(74,25): warning C4244: 'initializing': conversion from 'double' to 'GLfloat', possible loss of data
C:\Users\FRANKLIN\Documents\My Programs\C++\VISUAL_STUDIOS\OPENGL_TUTORIAL\Source.cpp(75,25): warning C4244: 'initializing': conversion from 'double' to 'GLfloat', possible loss of data
C:\Users\FRANKLIN\Documents\My Programs\C++\VISUAL_STUDIOS\OPENGL_TUTORIAL\Source.cpp(227,30): warning C4244: 'initializing': conversion from 'double' to 'GLfloat', possible loss of data
  Generating code
  140 of 456 functions (30.7%) were compiled, the rest were copied from previous compilation.
    132 functions were new in current compilation
    5 functions had inline decision re-evaluated but remain unchanged
  Finished generating code
  OPENGL_TUTORIAL.vcxproj -> C:\Users\FRANKLIN\Documents\My Programs\C++\VISUAL_STUDIOS\OPENGL_TUTORIAL\Release\OPENGL_TUTORIAL.exe
